#
# There is insufficient memory for the Java Runtime Environment to continue.
# Native memory allocation (malloc) failed to allocate 32744 bytes for ChunkPool::allocate
# Possible reasons:
#   The system is out of physical RAM or swap space
#   The process is running with CompressedOops enabled, and the Java Heap may be blocking the growth of the native heap
# Possible solutions:
#   Reduce memory load on the system
#   Increase physical memory or swap space
#   Check if swap backing store is full
#   Decrease Java heap size (-Xmx/-Xms)
#   Decrease number of Java threads
#   Decrease Java thread stack sizes (-Xss)
#   Set larger code cache with -XX:ReservedCodeCacheSize=
#   JVM is running with Unscaled Compressed Oops mode in which the Java heap is
#     placed in the first 4GB address space. The Java Heap base address is the
#     maximum limit for the native heap growth. Please use -XX:HeapBaseMinAddress
#     to set the Java Heap base and to place the Java Heap above 4GB virtual address.
# This output file may be truncated or incomplete.
#
#  Out of Memory Error (allocation.cpp:272), pid=2060, tid=0x0000000000002278
#
# JRE version: OpenJDK Runtime Environment (8.0_242-b01) (build 1.8.0_242-release-1644-b01)
# Java VM: OpenJDK 64-Bit Server VM (25.242-b01 mixed mode windows-amd64 compressed oops)
# Failed to write core dump. Minidumps are not enabled by default on client versions of Windows
#

---------------  T H R E A D  ---------------

Current thread (0x0000000014138000):  JavaThread "C2 CompilerThread0" daemon [_thread_in_native, id=8824, stack(0x0000000015780000,0x0000000015880000)]

Stack: [0x0000000015780000,0x0000000015880000]
[error occurred during error reporting (printing stack bounds), id 0xc0000005]

Native frames: (J=compiled Java code, j=interpreted, Vv=VM code, C=native code)


Current CompileTask:
C2:  33316 5793       4       java.net.URLClassLoader$1::run (5 bytes)


---------------  P R O C E S S  ---------------

Java Threads: ( => current thread )
  0x00000000173be800 JavaThread "Cache worker for file content cache (C:\Users\USER\Documents\GitHub\MVVM\.gradle\6.1.1\fileContent)" [_thread_blocked, id=12600, stack(0x00000000203e0000,0x00000000204e0000)]
  0x00000000173bd000 JavaThread "Cache worker for file content cache (C:\Users\USER\.gradle\caches\6.1.1\fileContent)" [_thread_blocked, id=21412, stack(0x00000000202e0000,0x00000000203e0000)]
  0x00000000173be000 JavaThread "Memory manager" [_thread_blocked, id=22492, stack(0x000000001ffe0000,0x00000000200e0000)]
  0x00000000173bc800 JavaThread "Cache worker for Build Output Cleanup Cache (C:\Users\USER\Documents\GitHub\MVVM\.gradle\buildOutputCleanup)" [_thread_blocked, id=20412, stack(0x000000001f4e0000,0x000000001f5e0000)]
  0x00000000173b2800 JavaThread "pool-1-thread-1" [_thread_blocked, id=17156, stack(0x000000001f1e0000,0x000000001f2e0000)]
  0x00000000173b5800 JavaThread "Build operations Thread 4" [_thread_blocked, id=22368, stack(0x000000001ece0000,0x000000001ede0000)]
  0x00000000173b1000 JavaThread "Build operations Thread 3" [_thread_blocked, id=16976, stack(0x000000001e960000,0x000000001ea60000)]
  0x00000000173b3800 JavaThread "Build operations Thread 2" [_thread_blocked, id=11296, stack(0x000000001e860000,0x000000001e960000)]
  0x00000000173b6800 JavaThread "Build operations" [_thread_blocked, id=8676, stack(0x000000001dc80000,0x000000001dd80000)]
  0x000000001735f000 JavaThread "Cache worker for execution history cache (C:\Users\USER\.gradle\caches\6.1.1\executionHistory)" [_thread_blocked, id=20012, stack(0x000000001d7e0000,0x000000001d8e0000)]
  0x000000001735d800 JavaThread "Cache worker for cache directory md-rule (C:\Users\USER\.gradle\caches\6.1.1\md-rule)" [_thread_blocked, id=21280, stack(0x000000001c5a0000,0x000000001c6a0000)]
  0x000000001735d000 JavaThread "Cache worker for cache directory md-supplier (C:\Users\USER\.gradle\caches\6.1.1\md-supplier)" [_thread_blocked, id=15816, stack(0x000000001c4a0000,0x000000001c5a0000)]
  0x0000000017359000 JavaThread "Cache worker for file hash cache (C:\Users\USER\Documents\GitHub\MVVM\.gradle\6.1.1\fileHashes)" [_thread_blocked, id=3676, stack(0x000000001db80000,0x000000001dc80000)]
  0x000000001735a800 JavaThread "Cache worker for checksums cache (C:\Users\USER\Documents\GitHub\MVVM\.gradle\checksums)" [_thread_blocked, id=21716, stack(0x000000001d6e0000,0x000000001d7e0000)]
  0x000000001735e800 JavaThread "Cache worker for file hash cache (C:\Users\USER\.gradle\caches\6.1.1\fileHashes)" [_thread_blocked, id=17588, stack(0x0000000019f00000,0x000000001a000000)]
  0x000000001735c000 JavaThread "File lock request listener" [_thread_in_native, id=10044, stack(0x0000000019e00000,0x0000000019f00000)]
  0x0000000016e36000 JavaThread "Cache worker for journal cache (C:\Users\USER\.gradle\caches\journal-1)" [_thread_blocked, id=16004, stack(0x0000000019d00000,0x0000000019e00000)]
  0x000000001736f800 JavaThread "Thread-9" [_thread_blocked, id=15040, stack(0x0000000019a00000,0x0000000019b00000)]
  0x0000000016855000 JavaThread "Stdin handler" [_thread_blocked, id=14224, stack(0x0000000019900000,0x0000000019a00000)]
  0x0000000016859000 JavaThread "Asynchronous log dispatcher for DefaultDaemonConnection: socket connection from /127.0.0.1:51697 to /127.0.0.1:51698" [_thread_blocked, id=11516, stack(0x0000000019800000,0x0000000019900000)]
  0x0000000016864000 JavaThread "Daemon worker" [_thread_in_Java, id=972, stack(0x0000000019700000,0x0000000019800000)]
  0x0000000016863000 JavaThread "Cancel handler" [_thread_blocked, id=1256, stack(0x0000000019600000,0x0000000019700000)]
  0x0000000017224000 JavaThread "Handler for socket connection from /127.0.0.1:51697 to /127.0.0.1:51698" [_thread_in_native, id=21768, stack(0x0000000019300000,0x0000000019400000)]
  0x0000000017221800 JavaThread "Daemon" [_thread_blocked, id=21216, stack(0x0000000019200000,0x0000000019300000)]
  0x0000000015aa2800 JavaThread "Daemon periodic checks" [_thread_blocked, id=13856, stack(0x0000000019100000,0x0000000019200000)]
  0x0000000016f89000 JavaThread "Incoming local TCP Connector on port 51697" [_thread_in_native, id=21020, stack(0x0000000016180000,0x0000000016280000)]
  0x0000000017b8b800 JavaThread "Daemon health stats" [_thread_blocked, id=4908, stack(0x0000000016080000,0x0000000016180000)]
  0x0000000015ab2800 JavaThread "Service Thread" daemon [_thread_blocked, id=14712, stack(0x0000000015e80000,0x0000000015f80000)]
  0x000000001414a800 JavaThread "C1 CompilerThread2" daemon [_thread_blocked, id=10960, stack(0x0000000015980000,0x0000000015a80000)]
  0x000000001413b000 JavaThread "C2 CompilerThread1" daemon [_thread_in_native, id=18156, stack(0x0000000015880000,0x0000000015980000)]
=>0x0000000014138000 JavaThread "C2 CompilerThread0" daemon [_thread_in_native, id=8824, stack(0x0000000015780000,0x0000000015880000)]
  0x0000000014135000 JavaThread "Attach Listener" daemon [_thread_blocked, id=9312, stack(0x0000000015680000,0x0000000015780000)]
  0x0000000014133800 JavaThread "Signal Dispatcher" daemon [_thread_blocked, id=21332, stack(0x0000000015580000,0x0000000015680000)]
  0x0000000002d0d000 JavaThread "Finalizer" daemon [_thread_blocked, id=1264, stack(0x0000000015380000,0x0000000015480000)]
  0x0000000014119000 JavaThread "Reference Handler" daemon [_thread_blocked, id=21892, stack(0x0000000015280000,0x0000000015380000)]
  0x0000000002c12800 JavaThread "main" [_thread_blocked, id=7680, stack(0x0000000002b10000,0x0000000002c10000)]

Other Threads:
  0x00000000140f6800 VMThread [stack: 0x0000000015180000,0x0000000015280000] [id=220]
  0x0000000015ab3000 WatcherThread [stack: 0x0000000015f80000,0x0000000016080000] [id=15288]

VM state:not at safepoint (normal execution)

VM Mutex/Monitor currently owned by a thread: None

heap address: 0x00000000e0000000, size: 512 MB, Compressed Oops mode: 32-bit
Narrow klass base: 0x0000000000000000, Narrow klass shift: 3
Compressed class space size: 1073741824 Address: 0x0000000100000000

Heap:
 PSYoungGen      total 156160K, used 58142K [0x00000000f5580000, 0x0000000100000000, 0x0000000100000000)
  eden space 137216K, 42% used [0x00000000f5580000,0x00000000f8e47b08,0x00000000fdb80000)
  from space 18944K, 0% used [0x00000000fed80000,0x00000000fed80000,0x0000000100000000)
  to   space 18432K, 0% used [0x00000000fdb80000,0x00000000fdb80000,0x00000000fed80000)
 ParOldGen       total 69632K, used 31962K [0x00000000e0000000, 0x00000000e4400000, 0x00000000f5580000)
  object space 69632K, 45% used [0x00000000e0000000,0x00000000e1f36bf0,0x00000000e4400000)
 Metaspace       used 61750K, capacity 63855K, committed 64040K, reserved 1103872K
  class space    used 8444K, capacity 8937K, committed 9008K, reserved 1048576K

Card table byte_map: [0x00000000120d0000,0x00000000121e0000] byte_map_base: 0x00000000119d0000

Marking Bits: (ParMarkBitMap*) 0x0000000060e9f030
 Begin Bits: [0x0000000012690000, 0x0000000012e90000)
 End Bits:   [0x0000000012e90000, 0x0000000013690000)

Polling page: 0x0000000000e10000

CodeCache: size=245760Kb used=17695Kb max_used=17695Kb free=228064Kb
 bounds [0x0000000002d10000, 0x0000000003e70000, 0x0000000011d10000]
 total_blobs=6179 nmethods=5355 adapters=737
 compilation: enabled

Compilation events (10 events):
Event: 33.280 Thread 0x000000001414a800 5955       3       org.gradle.api.internal.artifacts.ivyservice.resolutionstrategy.DefaultCachePolicy::mustRefreshModule (9 bytes)
Event: 33.281 Thread 0x000000001414a800 nmethod 5955 0x0000000003e627d0 code [0x0000000003e62960, 0x0000000003e62e18]
Event: 33.282 Thread 0x000000001414a800 5956       1       org.gradle.api.internal.artifacts.ivyservice.resolveengine.VirtualComponentMetadataResolver::isFetchingMetadataCheap (2 bytes)
Event: 33.282 Thread 0x000000001414a800 nmethod 5956 0x0000000003e630d0 code [0x0000000003e63220, 0x0000000003e63330]
Event: 33.282 Thread 0x000000001414a800 5957       1       org.gradle.api.internal.artifacts.ivyservice.projectmodule.ProjectDependencyResolver::isFetchingMetadataCheap (2 bytes)
Event: 33.282 Thread 0x000000001414a800 nmethod 5957 0x0000000003e63390 code [0x0000000003e634e0, 0x0000000003e635f0]
Event: 33.285 Thread 0x000000001414a800 5958       3       org.gradle.api.internal.artifacts.ivyservice.ivyresolve.ComponentMetaDataResolveState::<init> (37 bytes)
Event: 33.287 Thread 0x000000001414a800 nmethod 5958 0x0000000003e63650 code [0x0000000003e63840, 0x0000000003e63fe8]
Event: 33.288 Thread 0x000000001414a800 5959       1       org.gradle.internal.component.model.DefaultComponentOverrideMetadata::getClientModule (5 bytes)
Event: 33.288 Thread 0x000000001414a800 nmethod 5959 0x0000000003e64650 code [0x0000000003e647a0, 0x0000000003e648b0]

GC Heap History (10 events):
Event: 17.097 GC heap before
{Heap before GC invocations=13 (full 2):
 PSYoungGen      total 111104K, used 1339K [0x00000000f5580000, 0x00000000ff480000, 0x0000000100000000)
  eden space 100352K, 0% used [0x00000000f5580000,0x00000000f5580000,0x00000000fb780000)
  from space 10752K, 12% used [0x00000000fb780000,0x00000000fb8ceed0,0x00000000fc200000)
  to   space 11264K, 0% used [0x00000000fe980000,0x00000000fe980000,0x00000000ff480000)
 ParOldGen       total 46080K, used 14799K [0x00000000e0000000, 0x00000000e2d00000, 0x00000000f5580000)
  object space 46080K, 32% used [0x00000000e0000000,0x00000000e0e73e98,0x00000000e2d00000)
 Metaspace       used 34522K, capacity 35418K, committed 35496K, reserved 1079296K
  class space    used 4732K, capacity 5002K, committed 5040K, reserved 1048576K
Event: 17.280 GC heap after
Heap after GC invocations=13 (full 2):
 PSYoungGen      total 111104K, used 0K [0x00000000f5580000, 0x00000000ff480000, 0x0000000100000000)
  eden space 100352K, 0% used [0x00000000f5580000,0x00000000f5580000,0x00000000fb780000)
  from space 10752K, 0% used [0x00000000fb780000,0x00000000fb780000,0x00000000fc200000)
  to   space 11264K, 0% used [0x00000000fe980000,0x00000000fe980000,0x00000000ff480000)
 ParOldGen       total 69632K, used 14117K [0x00000000e0000000, 0x00000000e4400000, 0x00000000f5580000)
  object space 69632K, 20% used [0x00000000e0000000,0x00000000e0dc9778,0x00000000e4400000)
 Metaspace       used 34522K, capacity 35418K, committed 35496K, reserved 1079296K
  class space    used 4732K, capacity 5002K, committed 5040K, reserved 1048576K
}
Event: 21.645 GC heap before
{Heap before GC invocations=14 (full 2):
 PSYoungGen      total 111104K, used 100352K [0x00000000f5580000, 0x00000000ff480000, 0x0000000100000000)
  eden space 100352K, 100% used [0x00000000f5580000,0x00000000fb780000,0x00000000fb780000)
  from space 10752K, 0% used [0x00000000fb780000,0x00000000fb780000,0x00000000fc200000)
  to   space 11264K, 0% used [0x00000000fe980000,0x00000000fe980000,0x00000000ff480000)
 ParOldGen       total 69632K, used 14117K [0x00000000e0000000, 0x00000000e4400000, 0x00000000f5580000)
  object space 69632K, 20% used [0x00000000e0000000,0x00000000e0dc9778,0x00000000e4400000)
 Metaspace       used 43194K, capacity 44622K, committed 44968K, reserved 1087488K
  class space    used 5858K, capacity 6219K, committed 6320K, reserved 1048576K
Event: 21.680 GC heap after
Heap after GC invocations=14 (full 2):
 PSYoungGen      total 143360K, used 11242K [0x00000000f5580000, 0x00000000ff480000, 0x0000000100000000)
  eden space 132096K, 0% used [0x00000000f5580000,0x00000000f5580000,0x00000000fd680000)
  from space 11264K, 99% used [0x00000000fe980000,0x00000000ff47a8c0,0x00000000ff480000)
  to   space 13312K, 0% used [0x00000000fda80000,0x00000000fda80000,0x00000000fe780000)
 ParOldGen       total 69632K, used 15819K [0x00000000e0000000, 0x00000000e4400000, 0x00000000f5580000)
  object space 69632K, 22% used [0x00000000e0000000,0x00000000e0f72da8,0x00000000e4400000)
 Metaspace       used 43194K, capacity 44622K, committed 44968K, reserved 1087488K
  class space    used 5858K, capacity 6219K, committed 6320K, reserved 1048576K
}
Event: 26.521 GC heap before
{Heap before GC invocations=15 (full 2):
 PSYoungGen      total 143360K, used 143338K [0x00000000f5580000, 0x00000000ff480000, 0x0000000100000000)
  eden space 132096K, 100% used [0x00000000f5580000,0x00000000fd680000,0x00000000fd680000)
  from space 11264K, 99% used [0x00000000fe980000,0x00000000ff47a8c0,0x00000000ff480000)
  to   space 13312K, 0% used [0x00000000fda80000,0x00000000fda80000,0x00000000fe780000)
 ParOldGen       total 69632K, used 15819K [0x00000000e0000000, 0x00000000e4400000, 0x00000000f5580000)
  object space 69632K, 22% used [0x00000000e0000000,0x00000000e0f72da8,0x00000000e4400000)
 Metaspace       used 54152K, capacity 56046K, committed 56232K, reserved 1097728K
  class space    used 7361K, capacity 7800K, committed 7856K, reserved 1048576K
Event: 26.577 GC heap after
Heap after GC invocations=15 (full 2):
 PSYoungGen      total 149504K, used 13291K [0x00000000f5580000, 0x0000000100000000, 0x0000000100000000)
  eden space 136192K, 0% used [0x00000000f5580000,0x00000000f5580000,0x00000000fda80000)
  from space 13312K, 99% used [0x00000000fda80000,0x00000000fe77ada0,0x00000000fe780000)
  to   space 18944K, 0% used [0x00000000fed80000,0x00000000fed80000,0x0000000100000000)
 ParOldGen       total 69632K, used 25933K [0x00000000e0000000, 0x00000000e4400000, 0x00000000f5580000)
  object space 69632K, 37% used [0x00000000e0000000,0x00000000e1953780,0x00000000e4400000)
 Metaspace       used 54152K, capacity 56046K, committed 56232K, reserved 1097728K
  class space    used 7361K, capacity 7800K, committed 7856K, reserved 1048576K
}
Event: 28.101 GC heap before
{Heap before GC invocations=16 (full 2):
 PSYoungGen      total 149504K, used 52843K [0x00000000f5580000, 0x0000000100000000, 0x0000000100000000)
  eden space 136192K, 29% used [0x00000000f5580000,0x00000000f7c20040,0x00000000fda80000)
  from space 13312K, 99% used [0x00000000fda80000,0x00000000fe77ada0,0x00000000fe780000)
  to   space 18944K, 0% used [0x00000000fed80000,0x00000000fed80000,0x0000000100000000)
 ParOldGen       total 69632K, used 25933K [0x00000000e0000000, 0x00000000e4400000, 0x00000000f5580000)
  object space 69632K, 37% used [0x00000000e0000000,0x00000000e1953780,0x00000000e4400000)
 Metaspace       used 57027K, capacity 59083K, committed 59160K, reserved 1099776K
  class space    used 7825K, capacity 8291K, committed 8368K, reserved 1048576K
Event: 28.129 GC heap after
Heap after GC invocations=16 (full 2):
 PSYoungGen      total 156160K, used 4007K [0x00000000f5580000, 0x0000000100000000, 0x0000000100000000)
  eden space 137216K, 0% used [0x00000000f5580000,0x00000000f5580000,0x00000000fdb80000)
  from space 18944K, 21% used [0x00000000fed80000,0x00000000ff169c20,0x0000000100000000)
  to   space 18432K, 0% used [0x00000000fdb80000,0x00000000fdb80000,0x00000000fed80000)
 ParOldGen       total 69632K, used 35446K [0x00000000e0000000, 0x00000000e4400000, 0x00000000f5580000)
  object space 69632K, 50% used [0x00000000e0000000,0x00000000e229d840,0x00000000e4400000)
 Metaspace       used 57027K, capacity 59083K, committed 59160K, reserved 1099776K
  class space    used 7825K, capacity 8291K, committed 8368K, reserved 1048576K
}
Event: 28.129 GC heap before
{Heap before GC invocations=17 (full 3):
 PSYoungGen      total 156160K, used 4007K [0x00000000f5580000, 0x0000000100000000, 0x0000000100000000)
  eden space 137216K, 0% used [0x00000000f5580000,0x00000000f5580000,0x00000000fdb80000)
  from space 18944K, 21% used [0x00000000fed80000,0x00000000ff169c20,0x0000000100000000)
  to   space 18432K, 0% used [0x00000000fdb80000,0x00000000fdb80000,0x00000000fed80000)
 ParOldGen       total 69632K, used 35446K [0x00000000e0000000, 0x00000000e4400000, 0x00000000f5580000)
  object space 69632K, 50% used [0x00000000e0000000,0x00000000e229d840,0x00000000e4400000)
 Metaspace       used 57027K, capacity 59083K, committed 59160K, reserved 1099776K
  class space    used 7825K, capacity 8291K, committed 8368K, reserved 1048576K
Event: 28.628 GC heap after
Heap after GC invocations=17 (full 3):
 PSYoungGen      total 156160K, used 0K [0x00000000f5580000, 0x0000000100000000, 0x0000000100000000)
  eden space 137216K, 0% used [0x00000000f5580000,0x00000000f5580000,0x00000000fdb80000)
  from space 18944K, 0% used [0x00000000fed80000,0x00000000fed80000,0x0000000100000000)
  to   space 18432K, 0% used [0x00000000fdb80000,0x00000000fdb80000,0x00000000fed80000)
 ParOldGen       total 69632K, used 31962K [0x00000000e0000000, 0x00000000e4400000, 0x00000000f5580000)
  object space 69632K, 45% used [0x00000000e0000000,0x00000000e1f36bf0,0x00000000e4400000)
 Metaspace       used 57015K, capacity 59041K, committed 59160K, reserved 1099776K
  class space    used 7821K, capacity 8284K, committed 8368K, reserved 1048576K
}

Deoptimization events (10 events):
Event: 32.048 Thread 0x0000000016864000 Uncommon trap: reason=class_check action=maybe_recompile pc=0x0000000003df09e8 method=sun.security.util.math.intpoly.IntegerPolynomial$MutableElement.setSum(Lsun/security/util/math/IntegerModuloP;)Lsun/security/util/math/intpoly/IntegerPolynomial$MutableE
Event: 32.383 Thread 0x0000000016864000 Uncommon trap: reason=unstable_if action=reinterpret pc=0x0000000003dcc2e0 method=java.util.Arrays.equals([B[B)Z @ 12
Event: 32.796 Thread 0x0000000016864000 Uncommon trap: reason=class_check action=maybe_recompile pc=0x000000000377065c method=com.google.common.io.CountingInputStream.read()I @ 4
Event: 32.797 Thread 0x0000000016864000 Uncommon trap: reason=class_check action=maybe_recompile pc=0x000000000377065c method=com.google.common.io.CountingInputStream.read()I @ 4
Event: 32.797 Thread 0x0000000016864000 Uncommon trap: reason=class_check action=maybe_recompile pc=0x000000000377065c method=com.google.common.io.CountingInputStream.read()I @ 4
Event: 32.798 Thread 0x0000000016864000 Uncommon trap: reason=class_check action=maybe_recompile pc=0x000000000377065c method=com.google.common.io.CountingInputStream.read()I @ 4
Event: 32.798 Thread 0x0000000016864000 Uncommon trap: reason=class_check action=maybe_recompile pc=0x0000000002e7e2f0 method=com.google.common.io.CountingInputStream.read([BII)I @ 7
Event: 32.799 Thread 0x0000000016864000 Uncommon trap: reason=class_check action=maybe_recompile pc=0x0000000002e7e2f0 method=com.google.common.io.CountingInputStream.read([BII)I @ 7
Event: 32.802 Thread 0x0000000016864000 Uncommon trap: reason=class_check action=maybe_recompile pc=0x0000000002e7e2f0 method=com.google.common.io.CountingInputStream.read([BII)I @ 7
Event: 32.992 Thread 0x0000000016864000 Uncommon trap: reason=class_check action=maybe_recompile pc=0x0000000002e7e2f0 method=com.google.common.io.CountingInputStream.read([BII)I @ 7

Classes redefined (0 events):
No events

Internal exceptions (10 events):
Event: 26.294 Thread 0x0000000016864000 Exception <a 'java/lang/ClassNotFoundException': com/android/build/gradle/internal/api/ApkVariantOutputImpl_DecoratedBeanInfo> (0x00000000fcc623b8) thrown at [C:\src\AOSP-openjdk-git\hotspot\src\share\vm\classfile\systemDictionary.cpp, line 210]
Event: 26.295 Thread 0x0000000016864000 Exception <a 'java/lang/ClassNotFoundException': com/android/build/gradle/internal/api/ApkVariantOutputImplBeanInfo> (0x00000000fcc7f408) thrown at [C:\src\AOSP-openjdk-git\hotspot\src\share\vm\classfile\systemDictionary.cpp, line 210]
Event: 26.296 Thread 0x0000000016864000 Exception <a 'java/lang/ClassNotFoundException': com/android/build/gradle/internal/api/BaseVariantOutputImplBeanInfo> (0x00000000fcc9d830) thrown at [C:\src\AOSP-openjdk-git\hotspot\src\share\vm\classfile\systemDictionary.cpp, line 210]
Event: 26.297 Thread 0x0000000016864000 Exception <a 'java/lang/ClassNotFoundException': com/android/build/gradle/internal/api/BaseVariantOutputImplCustomizer> (0x00000000fccbc1b0) thrown at [C:\src\AOSP-openjdk-git\hotspot\src\share\vm\classfile\systemDictionary.cpp, line 210]
Event: 26.299 Thread 0x0000000016864000 Exception <a 'java/lang/ClassNotFoundException': com/android/build/gradle/internal/api/ApkVariantOutputImplCustomizer> (0x00000000fccf4760) thrown at [C:\src\AOSP-openjdk-git\hotspot\src\share\vm\classfile\systemDictionary.cpp, line 210]
Event: 26.301 Thread 0x0000000016864000 Exception <a 'java/lang/ClassNotFoundException': com/android/build/gradle/internal/api/ApkVariantOutputImpl_DecoratedCustomizer> (0x00000000fcd282d0) thrown at [C:\src\AOSP-openjdk-git\hotspot\src\share\vm\classfile\systemDictionary.cpp, line 210]
Event: 27.761 Thread 0x0000000016864000 Exception <a 'java/lang/ClassNotFoundException': com/sun/org/glassfish/hk2/osgiresourcelocator/ServiceLoader> (0x00000000f6e19250) thrown at [C:\src\AOSP-openjdk-git\hotspot\src\share\vm\classfile\systemDictionary.cpp, line 210]
Event: 27.865 Thread 0x0000000016864000 Exception <a 'java/lang/NullPointerException'> (0x00000000f726c4d0) thrown at [C:\src\AOSP-openjdk-git\hotspot\src\share\vm\interpreter\linkResolver.cpp, line 1287]
Event: 29.687 Thread 0x0000000016864000 Implicit null exception at 0x0000000003c2c958 to 0x0000000003c2d9d1
Event: 32.383 Thread 0x0000000016864000 Implicit null exception at 0x0000000003dcc198 to 0x0000000003dcc2cd

Events (10 events):
Event: 32.810 loading class org/gradle/api/internal/artifacts/ivyservice/ivyresolve/ModuleComponentResolveState done
Event: 32.816 loading class org/gradle/api/internal/artifacts/ivyservice/ivyresolve/DefaultMetadataProvider
Event: 32.816 loading class org/gradle/api/internal/artifacts/ivyservice/ivyresolve/DefaultMetadataProvider done
Event: 32.818 loading class org/gradle/api/internal/artifacts/ivyservice/ivyresolve/DefaultMetadataProvider$1
Event: 32.818 loading class org/gradle/api/internal/artifacts/ivyservice/ivyresolve/DefaultMetadataProvider$1 done
Event: 32.991 Thread 0x0000000016864000 Uncommon trap: trap_request=0xffffffde fr.pc=0x0000000002e7e2f0
Event: 32.992 Thread 0x0000000016864000 DEOPT PACKING pc=0x0000000002e7e2f0 sp=0x00000000197f9710
Event: 32.992 Thread 0x0000000016864000 DEOPT UNPACKING pc=0x0000000002d5557b sp=0x00000000197f9708 mode 2
Event: 33.069 Thread 0x0000000016864000 DEOPT PACKING pc=0x0000000003ccba1c sp=0x00000000197fa200
Event: 33.069 Thread 0x0000000016864000 DEOPT UNPACKING pc=0x0000000002d575d0 sp=0x00000000197fa078 mode 0


Dynamic libraries:
0x00007ff712190000 - 0x00007ff7121c1000 	C:\Program Files\Android\Android Studio\jre\bin\java.exe
0x00007ffc38f80000 - 0x00007ffc39170000 	C:\WINDOWS\SYSTEM32\ntdll.dll
0x00007ffc37270000 - 0x00007ffc37322000 	C:\WINDOWS\System32\KERNEL32.DLL
0x00007ffc360b0000 - 0x00007ffc36355000 	C:\WINDOWS\System32\KERNELBASE.dll
0x00007ffc37660000 - 0x00007ffc37703000 	C:\WINDOWS\System32\ADVAPI32.dll
0x00007ffc38ea0000 - 0x00007ffc38f3e000 	C:\WINDOWS\System32\msvcrt.dll
0x00007ffc37ed0000 - 0x00007ffc37f67000 	C:\WINDOWS\System32\sechost.dll
0x00007ffc38740000 - 0x00007ffc38860000 	C:\WINDOWS\System32\RPCRT4.dll
0x00007ffc38bb0000 - 0x00007ffc38d45000 	C:\WINDOWS\System32\USER32.dll
0x00007ffc37000000 - 0x00007ffc37021000 	C:\WINDOWS\System32\win32u.dll
0x00007ffc37f70000 - 0x00007ffc37f96000 	C:\WINDOWS\System32\GDI32.dll
0x00007ffc35f10000 - 0x00007ffc360a6000 	C:\WINDOWS\System32\gdi32full.dll
0x00007ffc36f60000 - 0x00007ffc36ffe000 	C:\WINDOWS\System32\msvcp_win.dll
0x00007ffc36bb0000 - 0x00007ffc36caa000 	C:\WINDOWS\System32\ucrtbase.dll
0x00007ffc2a870000 - 0x00007ffc2aaf4000 	C:\WINDOWS\WinSxS\amd64_microsoft.windows.common-controls_6595b64144ccf1df_6.0.18362.1082_none_9e8193e1e45b25c1\COMCTL32.dll
0x00007ffc38870000 - 0x00007ffc38ba5000 	C:\WINDOWS\System32\combase.dll
0x00007ffc36ce0000 - 0x00007ffc36d60000 	C:\WINDOWS\System32\bcryptPrimitives.dll
0x00007ffc37240000 - 0x00007ffc3726e000 	C:\WINDOWS\System32\IMM32.DLL
0x00000000605f0000 - 0x00000000606c2000 	C:\Program Files\Android\Android Studio\jre\jre\bin\msvcr100.dll
0x00000000606d0000 - 0x0000000060f1b000 	C:\Program Files\Android\Android Studio\jre\jre\bin\server\jvm.dll
0x00007ffc38710000 - 0x00007ffc38718000 	C:\WINDOWS\System32\PSAPI.DLL
0x00007ffc30130000 - 0x00007ffc30154000 	C:\WINDOWS\SYSTEM32\WINMM.dll
0x00007ffc2ff90000 - 0x00007ffc2ff9a000 	C:\WINDOWS\SYSTEM32\VERSION.dll
0x00007ffc30100000 - 0x00007ffc3012d000 	C:\WINDOWS\SYSTEM32\WINMMBASE.dll
0x00007ffc36360000 - 0x00007ffc363aa000 	C:\WINDOWS\System32\cfgmgr32.dll
0x00007ffc1c690000 - 0x00007ffc1c699000 	C:\WINDOWS\SYSTEM32\WSOCK32.dll
0x00007ffc386a0000 - 0x00007ffc3870f000 	C:\WINDOWS\System32\WS2_32.dll
0x00007ffc32b30000 - 0x00007ffc32b3f000 	C:\Program Files\Android\Android Studio\jre\jre\bin\verify.dll
0x00007ffc29980000 - 0x00007ffc299a9000 	C:\Program Files\Android\Android Studio\jre\jre\bin\java.dll
0x00007ffc29930000 - 0x00007ffc29946000 	C:\Program Files\Android\Android Studio\jre\jre\bin\zip.dll
0x00007ffc37fa0000 - 0x00007ffc38687000 	C:\WINDOWS\System32\SHELL32.dll
0x00007ffc37030000 - 0x00007ffc370d9000 	C:\WINDOWS\System32\shcore.dll
0x00007ffc363d0000 - 0x00007ffc36b50000 	C:\WINDOWS\System32\windows.storage.dll
0x00007ffc35ee0000 - 0x00007ffc35f03000 	C:\WINDOWS\System32\profapi.dll
0x00007ffc35e90000 - 0x00007ffc35eda000 	C:\WINDOWS\System32\powrprof.dll
0x00007ffc35e40000 - 0x00007ffc35e50000 	C:\WINDOWS\System32\UMPDC.dll
0x00007ffc37600000 - 0x00007ffc37652000 	C:\WINDOWS\System32\shlwapi.dll
0x00007ffc35e70000 - 0x00007ffc35e81000 	C:\WINDOWS\System32\kernel.appcore.dll
0x00007ffc363b0000 - 0x00007ffc363c7000 	C:\WINDOWS\System32\cryptsp.dll
0x00007ffc25a30000 - 0x00007ffc25a4a000 	C:\Program Files\Android\Android Studio\jre\jre\bin\net.dll
0x00007ffc35690000 - 0x00007ffc356f7000 	C:\WINDOWS\system32\mswsock.dll
0x00007ffc257e0000 - 0x00007ffc257f3000 	C:\Program Files\Android\Android Studio\jre\jre\bin\nio.dll
0x00007ffc211e0000 - 0x00007ffc21206000 	C:\Users\USER\.gradle\native\31\windows-amd64\native-platform.dll
0x00007ffc2f1d0000 - 0x00007ffc2f1dd000 	C:\Program Files\Android\Android Studio\jre\jre\bin\management.dll
0x00007ffc35200000 - 0x00007ffc35233000 	C:\WINDOWS\system32\rsaenh.dll
0x00007ffc36cb0000 - 0x00007ffc36cd6000 	C:\WINDOWS\System32\bcrypt.dll
0x00007ffc35d60000 - 0x00007ffc35d85000 	C:\WINDOWS\SYSTEM32\USERENV.dll
0x00007ffc35860000 - 0x00007ffc3586c000 	C:\WINDOWS\SYSTEM32\CRYPTBASE.dll
0x00007ffc353a0000 - 0x00007ffc353da000 	C:\WINDOWS\SYSTEM32\IPHLPAPI.DLL
0x00007ffc38690000 - 0x00007ffc38698000 	C:\WINDOWS\System32\NSI.dll
0x00007ffc2f1b0000 - 0x00007ffc2f1c6000 	C:\WINDOWS\SYSTEM32\dhcpcsvc6.DLL
0x00007ffc2f190000 - 0x00007ffc2f1ac000 	C:\WINDOWS\SYSTEM32\dhcpcsvc.DLL
0x00007ffc353e0000 - 0x00007ffc354ab000 	C:\WINDOWS\SYSTEM32\DNSAPI.dll
0x00007ffc25480000 - 0x00007ffc254a4000 	C:\Program Files\Android\Android Studio\jre\jre\bin\sunec.dll
0x00007ffc2a3e0000 - 0x00007ffc2a3ea000 	C:\Windows\System32\rasadhlp.dll
0x00007ffc2e2c0000 - 0x00007ffc2e337000 	C:\WINDOWS\System32\fwpuclnt.dll
0x00007ffc2f6a0000 - 0x00007ffc2f6ab000 	C:\Program Files\Android\Android Studio\jre\jre\bin\sunmscapi.dll
0x00007ffc36d60000 - 0x00007ffc36ea9000 	C:\WINDOWS\System32\CRYPT32.dll
0x00007ffc35e50000 - 0x00007ffc35e62000 	C:\WINDOWS\System32\MSASN1.dll

VM Arguments:
jvm_args: -Xmx512m -Dfile.encoding=windows-1252 -Duser.country=US -Duser.language=en -Duser.variant 
java_command: org.gradle.launcher.daemon.bootstrap.GradleDaemon 6.1.1
java_class_path (initial): C:\Users\USER\.gradle\wrapper\dists\gradle-6.1.1-all\cfmwm155h49vnt3hynmlrsdst\gradle-6.1.1\lib\gradle-launcher-6.1.1.jar
Launcher Type: SUN_STANDARD

Environment Variables:
PATH=C:\Python27\;C:\Python27\Scripts;C:\Program Files (x86)\Common Files\Oracle\Java\javapath;C:\ProgramData\Oracle\Java\javapath;C:\WINDOWS\system32;C:\WINDOWS;C:\WINDOWS\System32\Wbem;C:\WINDOWS\System32\WindowsPowerShell\v1.0\;C:\WINDOWS\System32\OpenSSH\;C:\Program Files\MySQL\MySQL Utilities 1.6\;C:\xampp\php;C:\ProgramData\ComposerSetup\bin;C:\Program Files\Git\cmd;C:\Program Files\nodejs\;C:\ProgramData\chocolatey\bin;C:\Program Files (x86)\Yarn\bin\;C:\Program Files (x86)\Brackets\command;C:\Program Files (x86)\Java\jre1.8.0_31\bin;C:\Users\USER\AppData\Local\Microsoft\WindowsApps;C:\Users\USER\AppData\Local\GitHubDesktop\bin;C:\Users\USER\AppData\Roaming\Composer\vendor\bin;C:\Users\USER\AppData\Roaming\npm;C:\Users\USER\AppData\Local\Android\Sdk\platform-tools;C:\Users\USER\AppData\Local\Android\Sdk\tools;C:\Users\USER\AppData\Local\Yarn\bin;C:\Users\USER\AppData\Local\atom\bin;C:\Program Files (x86)\Atmel\Flip 3.4.7\bin;C:\Users\USER\AppData\Local\Microsoft\WindowsApps;C:\Program Files\Android\Android Studio\jre\jre;
USERNAME=USER
OS=Windows_NT
PROCESSOR_IDENTIFIER=Intel64 Family 6 Model 58 Stepping 9, GenuineIntel



---------------  S Y S T E M  ---------------

OS: Windows 10.0 , 64 bit Build 18362 (10.0.18362.1082)

CPU:total 4 (initial active 4) (2 cores per cpu, 2 threads per core) family 6 model 58 stepping 9, cmov, cx8, fxsr, mmx, sse, sse2, sse3, ssse3, sse4.1, sse4.2, popcnt, avx, aes, clmul, erms, ht, tsc, tscinvbit, tscinv

Memory: 4k page, physical 6159592k(347312k free), swap 16949316k(3444k free)

vm_info: OpenJDK 64-Bit Server VM (25.242-b01) for windows-amd64 JRE (1.8.0_242-release-1644-b01), built by "builder" with MS VC++ 10.0 (VS2010)

time: Thu Oct 08 02:01:00 2020
timezone: Pacific Daylight Time
elapsed time: 33 seconds (0d 0h 0m 33s)

